2021-02-06 12:40:16,062 [Worker-2: Loading available Gradle versions] INFO  o.e.b.c.i.u.g.PublishedGradleVersions - Gradle version information cache is out-of-date. Trying to update.
2021-02-06 12:54:23,906 [Worker-5: Loading available Gradle versions] INFO  o.e.b.c.i.u.g.PublishedGradleVersions - Gradle version information cache is up-to-date. Trying to read.
2021-02-06 14:47:25,442 [Worker-2: Loading available Gradle versions] INFO  o.e.b.c.i.u.g.PublishedGradleVersions - Gradle version information cache is up-to-date. Trying to read.
2021-02-07 06:53:57,712 [Worker-7: Loading available Gradle versions] INFO  o.e.b.c.i.u.g.PublishedGradleVersions - Gradle version information cache is up-to-date. Trying to read.
2021-02-07 08:31:17,059 [main] INFO  org.eclipse.jetty.util.log - Logging initialized @5960029ms to org.eclipse.jetty.util.log.Slf4jLog
2021-02-07 08:31:17,646 [main] INFO  org.eclipse.jetty.server.Server - jetty-9.4.31.v20200723; built: 2020-08-03T13:24:06.825Z; git: 450ba27947e13e66baa8cd1ce7e85a4461cacc1d; jvm 11.0.9.1+1-Ubuntu-0ubuntu1.18.04
2021-02-07 08:31:17,686 [main] INFO  org.eclipse.jetty.server.session - DefaultSessionIdManager workerName=node0
2021-02-07 08:31:17,687 [main] INFO  org.eclipse.jetty.server.session - No SessionScavenger set, using defaults
2021-02-07 08:31:17,690 [main] INFO  org.eclipse.jetty.server.session - node0 Scavenging every 660000ms
2021-02-07 08:31:17,742 [main] INFO  o.e.j.server.handler.ContextHandler - Started o.e.j.s.ServletContextHandler@76e4c2e1{/wse,null,AVAILABLE}
2021-02-07 08:31:17,784 [main] INFO  o.e.jetty.server.AbstractConnector - Started ServerConnector@78de22fc{HTTP/1.1, (http/1.1)}{0.0.0.0:43939}
2021-02-07 08:31:17,785 [main] INFO  org.eclipse.jetty.server.Server - Started @5960779ms
2021-02-07 08:31:17,785 [main] INFO  org.eclipse.jetty.server.session - node0 Scavenging every 660000ms
2021-02-07 08:41:47,199 [Framework stop - Equinox Container: 7d49718d-1f6a-43b7-9b45-dc9a1bb60bbc] INFO  o.e.jetty.server.AbstractConnector - Stopped ServerConnector@78de22fc{HTTP/1.1, (http/1.1)}{0.0.0.0:0}
2021-02-07 08:41:47,199 [Framework stop - Equinox Container: 7d49718d-1f6a-43b7-9b45-dc9a1bb60bbc] INFO  org.eclipse.jetty.server.session - node0 Stopped scavenging
2021-02-07 08:41:47,222 [Framework stop - Equinox Container: 7d49718d-1f6a-43b7-9b45-dc9a1bb60bbc] INFO  o.e.j.server.handler.ContextHandler - Stopped o.e.j.s.ServletContextHandler@76e4c2e1{/wse,null,UNAVAILABLE}
2021-02-07 08:42:26,067 [Worker-11: Loading available Gradle versions] INFO  o.e.b.c.i.u.g.PublishedGradleVersions - Gradle version information cache is up-to-date. Trying to read.
2021-02-07 09:11:05,984 [Worker-3: Loading available Gradle versions] INFO  o.e.b.c.i.u.g.PublishedGradleVersions - Gradle version information cache is up-to-date. Trying to read.
2021-02-07 09:23:13,369 [Worker-6: Loading available Gradle versions] INFO  o.e.b.c.i.u.g.PublishedGradleVersions - Gradle version information cache is up-to-date. Trying to read.
2021-02-07 09:33:38,846 [Worker-2: Loading available Gradle versions] INFO  o.e.b.c.i.u.g.PublishedGradleVersions - Gradle version information cache is up-to-date. Trying to read.
2021-02-07 09:51:02,958 [Worker-1: Loading available Gradle versions] INFO  o.e.b.c.i.u.g.PublishedGradleVersions - Gradle version information cache is up-to-date. Trying to read.
2021-02-07 10:08:57,013 [Worker-2: Loading available Gradle versions] INFO  o.e.b.c.i.u.g.PublishedGradleVersions - Gradle version information cache is up-to-date. Trying to read.
2021-02-07 13:31:55,963 [Worker-6: Loading available Gradle versions] INFO  o.e.b.c.i.u.g.PublishedGradleVersions - Gradle version information cache is out-of-date. Trying to update.
2021-02-07 14:02:06,720 [Worker-0: Loading available Gradle versions] INFO  o.e.b.c.i.u.g.PublishedGradleVersions - Gradle version information cache is up-to-date. Trying to read.
2021-02-07 17:11:31,320 [Worker-5: Loading available Gradle versions] INFO  o.e.b.c.i.u.g.PublishedGradleVersions - Gradle version information cache is up-to-date. Trying to read.
2021-02-07 17:52:41,529 [Worker-3: Loading available Gradle versions] INFO  o.e.b.c.i.u.g.PublishedGradleVersions - Gradle version information cache is up-to-date. Trying to read.
2021-02-08 20:42:34,298 [Worker-3: Loading available Gradle versions] INFO  o.e.b.c.i.u.g.PublishedGradleVersions - Gradle version information cache is out-of-date. Trying to update.
